<?xml version="1.0" encoding="UTF-8"?>
<testsuite name="turtleforest.TurtleTest" tests="1" skipped="0" failures="0" errors="0" timestamp="2021-09-12T07:40:12" hostname="YenChendeMacBook-Pro.local" time="0.086">
  <properties/>
  <testcase name="test()" classname="turtleforest.TurtleTest" time="0.086"/>
  <system-out><![CDATA[/Users/yenchenwang/Desktop/je/gradle_demo/build/resources/test/PeopleList.json
]]></system-out>
  <system-err><![CDATA[]]></system-err>
</testsuite>
